<?xml version="1.0" encoding="UTF-8"?>
<!-- Generated by org.testng.reporters.JUnitReportReporter -->
<testsuite name="GoogleExampleIT" tests="2" time="12.246" ignored="0" failures="0" timestamp="17 Dec 2016 08:09:17 GMT" skipped="0" hostname="DESKTOP-OOK8V5B" errors="0">
  <testcase name="googleMilkExample" time="6.591" classname="GoogleExampleIT"/>
  <testcase name="googleCheeseExample" time="5.655" classname="GoogleExampleIT"/>
</testsuite> <!-- GoogleExampleIT -->
