<?xml version="1.0" encoding="UTF-8"?>
<!-- Generated by org.testng.reporters.JUnitReportReporter -->
<testsuite name="automation_test_interview.GoogleExampleIT" tests="2" time="9.710" ignored="0" failures="0" timestamp="18 Dec 2016 07:29:15 GMT" skipped="0" hostname="DESKTOP-OOK8V5B" errors="0">
  <testcase name="googleCheeseExample" time="4.462" classname="automation_test_interview.GoogleExampleIT"/>
  <testcase name="googleCheeseExample" time="5.248" classname="automation_test_interview.GoogleExampleIT"/>
</testsuite> <!-- automation_test_interview.GoogleExampleIT -->
